2020-02-06 22:42:04,769 - testcase - INFO - 第1条测试用例 - [test_invest.py:38]
2020-02-06 22:42:05,004 - request - INFO - response: {"status":1,"code":"10001","data":null,"msg":"登录成功"} - [requests_pack.py:39]
2020-02-06 22:42:05,034 - testcase - INFO - 第1条测试用例:通过 - [test_invest.py:52]
2020-02-06 22:42:05,034 - testcase - INFO - 第2条测试用例 - [test_invest.py:38]
2020-02-06 22:42:05,105 - request - INFO - response: {"status":1,"code":"10001","data":null,"msg":"加标成功"} - [requests_pack.py:39]
2020-02-06 22:42:05,219 - testcase - INFO - 第2条测试用例:通过 - [test_invest.py:52]
2020-02-06 22:42:05,219 - testcase - INFO - 第3条测试用例 - [test_invest.py:38]
2020-02-06 22:42:05,259 - request - INFO - response: {"status":0,"code":"20207","data":null,"msg":"修改失败，当前标已经是该状态"} - [requests_pack.py:42]
2020-02-06 22:42:05,288 - testcase - INFO - 第3条测试用例:失败 - [test_invest.py:55]
2020-02-06 22:42:05,290 - testcase - INFO - 第4条测试用例 - [test_invest.py:38]
2020-02-06 22:42:05,486 - request - INFO - response: {"status":1,"code":"10001","data":null,"msg":"登录成功"} - [requests_pack.py:39]
2020-02-06 22:42:05,514 - testcase - INFO - 第4条测试用例:通过 - [test_invest.py:52]
2020-02-06 22:42:05,515 - testcase - INFO - 第5条测试用例 - [test_invest.py:38]
2020-02-06 22:42:05,578 - request - INFO - response: {"status":0,"code":"11008","data":null,"msg":"不存在该用户"} - [requests_pack.py:42]
2020-02-06 22:42:05,606 - testcase - INFO - 第5条测试用例:失败 - [test_invest.py:55]
2020-02-06 22:42:05,609 - testcase - INFO - 第6条测试用例 - [test_invest.py:38]
2020-02-06 22:42:05,655 - request - INFO - response: {"status":0,"code":"11003","data":null,"msg":"参数错误:所有参数都不能为空"} - [requests_pack.py:42]
2020-02-06 22:42:05,682 - testcase - INFO - 第6条测试用例:通过 - [test_invest.py:52]
2020-02-06 22:42:05,682 - testcase - INFO - 第7条测试用例 - [test_invest.py:38]
2020-02-06 22:42:05,727 - request - INFO - response: {"status":0,"code":"11007","data":null,"msg":"参数错误，投资金额必须是能被100整除的正整数"} - [requests_pack.py:42]
2020-02-06 22:42:05,756 - testcase - INFO - 第7条测试用例:通过 - [test_invest.py:52]
2020-02-07 12:53:47,138 - testcase - INFO - 第1条测试用例 - [test_invest.py:38]
2020-02-07 12:53:47,390 - request - INFO - response: {"status":1,"code":"10001","data":null,"msg":"登录成功"} - [requests_pack.py:39]
2020-02-07 12:53:47,422 - testcase - INFO - 第1条测试用例:通过 - [test_invest.py:52]
2020-02-07 12:53:47,423 - testcase - INFO - 第2条测试用例 - [test_invest.py:38]
2020-02-07 12:53:47,472 - request - INFO - response: {"status":1,"code":"10001","data":null,"msg":"加标成功"} - [requests_pack.py:39]
2020-02-07 12:53:47,588 - testcase - INFO - 第2条测试用例:通过 - [test_invest.py:52]
2020-02-07 12:53:47,589 - testcase - INFO - 第3条测试用例 - [test_invest.py:38]
2020-02-07 12:53:47,627 - request - INFO - response: {"status":0,"code":"20207","data":null,"msg":"修改失败，当前标已经是该状态"} - [requests_pack.py:42]
2020-02-07 12:53:47,657 - testcase - INFO - 第3条测试用例:失败 - [test_invest.py:55]
2020-02-07 12:53:47,658 - testcase - INFO - 第4条测试用例 - [test_invest.py:38]
2020-02-07 12:53:47,844 - request - INFO - response: {"status":1,"code":"10001","data":null,"msg":"登录成功"} - [requests_pack.py:39]
2020-02-07 12:53:47,873 - testcase - INFO - 第4条测试用例:通过 - [test_invest.py:52]
2020-02-07 12:53:47,873 - testcase - INFO - 第5条测试用例 - [test_invest.py:38]
2020-02-07 12:53:47,923 - request - INFO - response: {"status":0,"code":"11008","data":null,"msg":"不存在该用户"} - [requests_pack.py:42]
2020-02-07 12:53:47,954 - testcase - INFO - 第5条测试用例:失败 - [test_invest.py:55]
2020-02-07 12:53:47,954 - testcase - INFO - 第6条测试用例 - [test_invest.py:38]
2020-02-07 12:53:48,001 - request - INFO - response: {"status":0,"code":"11003","data":null,"msg":"参数错误:所有参数都不能为空"} - [requests_pack.py:42]
2020-02-07 12:53:48,031 - testcase - INFO - 第6条测试用例:通过 - [test_invest.py:52]
2020-02-07 12:53:48,031 - testcase - INFO - 第7条测试用例 - [test_invest.py:38]
2020-02-07 12:53:48,067 - request - INFO - response: {"status":0,"code":"11007","data":null,"msg":"参数错误，投资金额必须是能被100整除的正整数"} - [requests_pack.py:42]
2020-02-07 12:53:48,108 - testcase - INFO - 第7条测试用例:通过 - [test_invest.py:52]
2020-02-07 12:53:48,310 - request - INFO - response: {"status":1,"code":"10001","data":null,"msg":"登录成功"} - [requests_pack.py:39]
2020-02-07 12:53:48,525 - request - INFO - response: {"status":0,"code":"20111","data":null,"msg":"用户名或密码错误"} - [requests_pack.py:42]
2020-02-07 12:53:48,588 - request - INFO - response: {"status":0,"code":"20103","data":null,"msg":"密码不能为空"} - [requests_pack.py:39]
2020-02-07 12:53:48,652 - request - INFO - response: {"status":0,"code":"20103","data":null,"msg":"手机号不能为空"} - [requests_pack.py:42]
2020-02-07 12:53:48,899 - request - INFO - response: {"status":0,"code":"20109","data":null,"msg":"手机号码格式不正确"} - [requests_pack.py:39]
2020-02-07 12:53:48,966 - request - INFO - response: {"status":0,"code":"20103","data":null,"msg":"密码不能为空"} - [requests_pack.py:42]
2020-02-07 12:53:49,036 - request - INFO - response: {"status":0,"code":"20103","data":null,"msg":"手机号不能为空"} - [requests_pack.py:39]
2020-02-07 12:53:49,224 - request - INFO - response: {"status":0,"code":"20110","data":null,"msg":"手机号码已被注册"} - [requests_pack.py:42]
